{"message":"Connected to mongodb://localhost/educloud","level":"info"}
{"message":"Connected to mongodb://localhost/educloud","level":"info"}
{"message":"Connected to mongodb://localhost/educloud","level":"info"}
{"message":"Connected to mongodb://localhost/educloud","level":"info"}
{"expose":true,"statusCode":400,"status":400,"body":"{\n\t\"schoolSecretKey\": \"12345678\",\n\t\"username\": \"Aboubacar\",\n\t\"password\": \"87654321\",\n}","type":"entity.parse.failed","level":"error","message":"Unexpected token } in JSON at position 85Unexpected token } in JSON at position 85","stack":"SyntaxError: Unexpected token } in JSON at position 85\n    at JSON.parse (<anonymous>)\n    at parse (E:\\Set Up\\cmder\\educloud\\node_modules\\body-parser\\lib\\types\\json.js:89:19)\n    at E:\\Set Up\\cmder\\educloud\\node_modules\\body-parser\\lib\\read.js:121:18\n    at invokeCallback (E:\\Set Up\\cmder\\educloud\\node_modules\\raw-body\\index.js:224:16)\n    at done (E:\\Set Up\\cmder\\educloud\\node_modules\\raw-body\\index.js:213:7)\n    at IncomingMessage.onEnd (E:\\Set Up\\cmder\\educloud\\node_modules\\raw-body\\index.js:273:7)\n    at emitNone (events.js:106:13)\n    at IncomingMessage.emit (events.js:208:7)\n    at endReadableNT (_stream_readable.js:1064:12)\n    at _combinedTickCallback (internal/process/next_tick.js:139:11)\n    at process._tickCallback (internal/process/next_tick.js:181:9)"}
{"message":"Connected to mongodb://localhost/educloud","level":"info"}
{"message":"Connected to mongodb://localhost/educloud","level":"info"}
{"message":"Connected to mongodb://localhost/educloud","level":"info"}
{"level":"error","message":"Cannot read property 'schoolSecretKey' of undefinedCannot read property 'schoolSecretKey' of undefined","stack":"TypeError: Cannot read property 'schoolSecretKey' of undefined\n    at router.post (E:\\Set Up\\cmder\\educloud\\routes\\admin\\auth.js:86:41)\n    at newFn (E:\\Set Up\\cmder\\educloud\\node_modules\\express-async-errors\\index.js:16:20)\n    at Layer.handle [as handle_request] (E:\\Set Up\\cmder\\educloud\\node_modules\\express\\lib\\router\\layer.js:95:5)\n    at next (E:\\Set Up\\cmder\\educloud\\node_modules\\express\\lib\\router\\route.js:137:13)\n    at Route.dispatch (E:\\Set Up\\cmder\\educloud\\node_modules\\express\\lib\\router\\route.js:112:3)\n    at newFn (E:\\Set Up\\cmder\\educloud\\node_modules\\express-async-errors\\index.js:16:20)\n    at Layer.handle [as handle_request] (E:\\Set Up\\cmder\\educloud\\node_modules\\express\\lib\\router\\layer.js:95:5)\n    at E:\\Set Up\\cmder\\educloud\\node_modules\\express\\lib\\router\\index.js:281:22\n    at Function.process_params (E:\\Set Up\\cmder\\educloud\\node_modules\\express\\lib\\router\\index.js:335:12)\n    at next (E:\\Set Up\\cmder\\educloud\\node_modules\\express\\lib\\router\\index.js:275:10)\n    at Function.handle (E:\\Set Up\\cmder\\educloud\\node_modules\\express\\lib\\router\\index.js:174:3)\n    at router (E:\\Set Up\\cmder\\educloud\\node_modules\\express\\lib\\router\\index.js:47:12)\n    at newFn (E:\\Set Up\\cmder\\educloud\\node_modules\\express-async-errors\\index.js:16:20)\n    at Layer.handle [as handle_request] (E:\\Set Up\\cmder\\educloud\\node_modules\\express\\lib\\router\\layer.js:95:5)\n    at trim_prefix (E:\\Set Up\\cmder\\educloud\\node_modules\\express\\lib\\router\\index.js:317:13)\n    at E:\\Set Up\\cmder\\educloud\\node_modules\\express\\lib\\router\\index.js:284:7\n    at Function.process_params (E:\\Set Up\\cmder\\educloud\\node_modules\\express\\lib\\router\\index.js:335:12)\n    at next (E:\\Set Up\\cmder\\educloud\\node_modules\\express\\lib\\router\\index.js:275:10)\n    at cors (E:\\Set Up\\cmder\\educloud\\node_modules\\cors\\lib\\index.js:188:7)\n    at E:\\Set Up\\cmder\\educloud\\node_modules\\cors\\lib\\index.js:224:17\n    at originCallback (E:\\Set Up\\cmder\\educloud\\node_modules\\cors\\lib\\index.js:214:15)\n    at E:\\Set Up\\cmder\\educloud\\node_modules\\cors\\lib\\index.js:219:13"}
{"message":"Connected to mongodb://localhost/educloud","level":"info"}
{"message":"Connected to mongodb://localhost/educloud","level":"info"}
{"message":"Connected to mongodb://localhost/educloud","level":"info"}
{"message":"Connected to mongodb://localhost/educloud","level":"info"}
{"message":"Connected to mongodb://localhost/educloud","level":"info"}
{"message":"Connected to mongodb://localhost/educloud","level":"info"}
{"message":"Connected to mongodb://localhost/educloud","level":"info"}
{"message":"Connected to mongodb://localhost/educloud","level":"info"}
{"message":"Connected to mongodb://localhost/educloud","level":"info"}
{"message":"Connected to mongodb://localhost/educloud","level":"info"}
{"message":"Connected to mongodb://localhost/educloud","level":"info"}
{"message":"Connected to mongodb://localhost/educloud","level":"info"}
{"message":"Connected to mongodb://localhost/educloud","level":"info"}
{"message":"Connected to mongodb://localhost/educloud","level":"info"}
{"message":"Connected to mongodb://localhost/educloud","level":"info"}
{"message":"Connected to mongodb://localhost/educloud","level":"info"}
{"message":"Connected to mongodb://localhost/educloud","level":"info"}
{"message":"Connected to mongodb://localhost/educloud","level":"info"}
{"message":"Connected to mongodb://localhost/educloud","level":"info"}
{"message":"Connected to mongodb://localhost/educloud","level":"info"}
{"message":"Connected to mongodb://localhost/educloud","level":"info"}
{"message":"Connected to mongodb://localhost/educloud","level":"info"}
{"message":"Connected to mongodb://localhost/educloud","level":"info"}
{"message":"Connected to mongodb://localhost/educloud","level":"info"}
{"message":"Connected to mongodb://localhost/educloud","level":"info"}
{"message":"Connected to mongodb://localhost/educloud","level":"info"}
{"message":"Connected to mongodb://localhost/educloud","level":"info"}
{"message":"Connected to mongodb://localhost/educloud","level":"info"}
{"message":"Connected to mongodb://localhost/educloud","level":"info"}
{"message":"Connected to mongodb://localhost/educloud","level":"info"}
{"message":"Connected to mongodb://localhost/educloud","level":"info"}
{"message":"Connected to mongodb://localhost/educloud","level":"info"}
{"message":"Connected to mongodb://localhost/educloud","level":"info"}
{"message":"Connected to mongodb://localhost/educloud","level":"info"}
{"message":"Connected to mongodb://localhost/educloud","level":"info"}
{"message":"Connected to mongodb://localhost/educloud","level":"info"}
{"message":"Connected to mongodb://localhost/educloud","level":"info"}
{"message":"Connected to mongodb://localhost/educloud","level":"info"}
{"message":"Connected to mongodb://localhost/educloud","level":"info"}
{"message":"Connected to mongodb://localhost/educloud","level":"info"}
{"message":"Connected to mongodb://localhost/educloud","level":"info"}
{"message":"Connected to mongodb://localhost/educloud","level":"info"}
{"message":"Connected to mongodb://localhost/educloud","level":"info"}
{"message":"Connected to mongodb://localhost/educloud","level":"info"}
{"message":"Connected to mongodb://localhost/educloud","level":"info"}
{"message":"Connected to mongodb://localhost/educloud","level":"info"}
{"message":"Connected to mongodb://localhost/educloud","level":"info"}
{"message":"Connected to mongodb://localhost/educloud","level":"info"}
{"message":"Connected to mongodb://localhost/educloud","level":"info"}
{"message":"Connected to mongodb://localhost/educloud","level":"info"}
{"message":"Connected to mongodb://localhost/educloud","level":"info"}
{"level":"error","message":"Cannot read property 'registration_number' of nullCannot read property 'registration_number' of null","stack":"TypeError: Cannot read property 'registration_number' of null\n    at router.put (E:\\Set Up\\cmder\\educloud\\routes\\teacher\\students.js:58:19)\n    at <anonymous>"}
{"level":"error","message":"Cannot read property 'registration_number' of nullCannot read property 'registration_number' of null","stack":"TypeError: Cannot read property 'registration_number' of null\n    at router.put (E:\\Set Up\\cmder\\educloud\\routes\\teacher\\students.js:58:19)\n    at <anonymous>"}
{"message":"Connected to mongodb://localhost/educloud","level":"info"}
{"message":"Connected to mongodb://localhost/educloud","level":"info"}
{"message":"Connected to mongodb://localhost/educloud","level":"info"}
{"message":"Connected to mongodb://localhost/educloud","level":"info"}
{"message":"Connected to mongodb://localhost/educloud","level":"info"}
{"driver":true,"name":"MongoError","index":0,"code":11000,"keyPattern":{"_id":1},"keyValue":{"_id":"5ebfc0ef78979100c0f1227f"},"errmsg":"E11000 duplicate key error collection: educloud.classes index: _id_ dup key: { _id: ObjectId('5ebfc0ef78979100c0f1227f') }","level":"error","message":"E11000 duplicate key error collection: educloud.classes index: _id_ dup key: { _id: ObjectId('5ebfc0ef78979100c0f1227f') }E11000 duplicate key error collection: educloud.classes index: _id_ dup key: { _id: ObjectId('5ebfc0ef78979100c0f1227f') }","stack":"MongoError: E11000 duplicate key error collection: educloud.classes index: _id_ dup key: { _id: ObjectId('5ebfc0ef78979100c0f1227f') }\n    at Function.create (E:\\Set Up\\cmder\\educloud\\node_modules\\mongodb\\lib\\core\\error.js:44:12)\n    at toError (E:\\Set Up\\cmder\\educloud\\node_modules\\mongodb\\lib\\utils.js:150:22)\n    at coll.s.topology.insert (E:\\Set Up\\cmder\\educloud\\node_modules\\mongodb\\lib\\operations\\common_functions.js:265:39)\n    at E:\\Set Up\\cmder\\educloud\\node_modules\\mongodb\\lib\\core\\connection\\pool.js:420:18\n    at _combinedTickCallback (internal/process/next_tick.js:132:7)\n    at process._tickCallback (internal/process/next_tick.js:181:9)"}
{"message":"Connected to mongodb://localhost/educloud","level":"info"}
{"level":"error","message":"Cannot read property 'className' of nullCannot read property 'className' of null","stack":"TypeError: Cannot read property 'className' of null\n    at router.post (E:\\Set Up\\cmder\\educloud\\routes\\admin\\add_teacher.js:43:21)\n    at <anonymous>"}
{"level":"error","message":"Cannot read property 'className' of nullCannot read property 'className' of null","stack":"TypeError: Cannot read property 'className' of null\n    at router.post (E:\\Set Up\\cmder\\educloud\\routes\\admin\\add_teacher.js:43:21)\n    at <anonymous>"}
{"driver":true,"name":"MongoError","index":0,"code":11000,"keyPattern":{"_id":1},"keyValue":{"_id":"5ebfc266e9b027193481579a"},"errmsg":"E11000 duplicate key error collection: educloud.classes index: _id_ dup key: { _id: ObjectId('5ebfc266e9b027193481579a') }","level":"error","message":"E11000 duplicate key error collection: educloud.classes index: _id_ dup key: { _id: ObjectId('5ebfc266e9b027193481579a') }E11000 duplicate key error collection: educloud.classes index: _id_ dup key: { _id: ObjectId('5ebfc266e9b027193481579a') }","stack":"MongoError: E11000 duplicate key error collection: educloud.classes index: _id_ dup key: { _id: ObjectId('5ebfc266e9b027193481579a') }\n    at Function.create (E:\\Set Up\\cmder\\educloud\\node_modules\\mongodb\\lib\\core\\error.js:44:12)\n    at toError (E:\\Set Up\\cmder\\educloud\\node_modules\\mongodb\\lib\\utils.js:150:22)\n    at coll.s.topology.insert (E:\\Set Up\\cmder\\educloud\\node_modules\\mongodb\\lib\\operations\\common_functions.js:265:39)\n    at E:\\Set Up\\cmder\\educloud\\node_modules\\mongodb\\lib\\core\\connection\\pool.js:420:18\n    at _combinedTickCallback (internal/process/next_tick.js:132:7)\n    at process._tickCallback (internal/process/next_tick.js:181:9)"}
{"message":"Connected to mongodb://localhost/educloud","level":"info"}
{"message":"Connected to mongodb://localhost/educloud","level":"info"}
{"message":"Connected to mongodb://localhost/educloud","level":"info"}
{"message":"Connected to mongodb://localhost/educloud","level":"info"}
{"message":"Connected to mongodb://localhost/educloud","level":"info"}
{"message":"Connected to mongodb://localhost/educloud","level":"info"}
{"message":"Connected to mongodb://localhost/educloud","level":"info"}
{"message":"Connected to mongodb://localhost/educloud","level":"info"}
{"message":"Connected to mongodb://localhost/educloud","level":"info"}
{"message":"Connected to mongodb://localhost/educloud","level":"info"}
{"message":"Connected to mongodb://localhost/educloud","level":"info"}
{"message":"Connected to mongodb://localhost/educloud","level":"info"}
{"message":"Connected to mongodb://localhost/educloud","level":"info"}
{"message":"Connected to mongodb://localhost/educloud","level":"info"}
{"message":"Connected to mongodb://localhost/educloud","level":"info"}
{"message":"Connected to mongodb://localhost/educloud","level":"info"}
{"message":"Connected to mongodb://localhost/educloud","level":"info"}
{"message":"Connected to mongodb://localhost/educloud","level":"info"}
{"message":"Connected to mongodb://localhost/educloud","level":"info"}
{"message":"Connected to mongodb://localhost/educloud","level":"info"}
{"message":"Connected to mongodb://localhost/educloud","level":"info"}
{"message":"Connected to mongodb://localhost/educloud","level":"info"}
{"message":"Connected to mongodb://localhost/educloud","level":"info"}
{"message":"Connected to mongodb://localhost/educloud","level":"info"}
{"message":"Connected to mongodb://localhost/educloud","level":"info"}
{"message":"Connected to mongodb://localhost/educloud","level":"info"}
{"message":"Connected to mongodb://localhost/educloud","level":"info"}
{"message":"Connected to mongodb://localhost/educloud","level":"info"}
{"message":"Connected to mongodb://localhost/educloud","level":"info"}
{"message":"Connected to mongodb://localhost/educloud","level":"info"}
{"message":"Connected to mongodb://localhost/educloud","level":"info"}
{"message":"Connected to mongodb://localhost/educloud","level":"info"}
{"name":"MongoNetworkError","level":"error","message":"failed to connect to server [localhost:27017] on first connect [MongoNetworkError: connect ECONNREFUSED 127.0.0.1:27017]failed to connect to server [localhost:27017] on first connect [MongoNetworkError: connect ECONNREFUSED 127.0.0.1:27017]","stack":"MongoNetworkError: failed to connect to server [localhost:27017] on first connect [MongoNetworkError: connect ECONNREFUSED 127.0.0.1:27017]\n    at Pool.<anonymous> (E:\\Set Up\\cmder\\educloud\\node_modules\\mongodb\\lib\\core\\topologies\\server.js:433:11)\n    at emitOne (events.js:116:13)\n    at Pool.emit (events.js:211:7)\n    at createConnection (E:\\Set Up\\cmder\\educloud\\node_modules\\mongodb\\lib\\core\\connection\\pool.js:577:14)\n    at connect (E:\\Set Up\\cmder\\educloud\\node_modules\\mongodb\\lib\\core\\connection\\pool.js:1007:11)\n    at makeConnection (E:\\Set Up\\cmder\\educloud\\node_modules\\mongodb\\lib\\core\\connection\\connect.js:31:7)\n    at callback (E:\\Set Up\\cmder\\educloud\\node_modules\\mongodb\\lib\\core\\connection\\connect.js:247:5)\n    at Socket.err (E:\\Set Up\\cmder\\educloud\\node_modules\\mongodb\\lib\\core\\connection\\connect.js:276:7)\n    at Object.onceWrapper (events.js:315:30)\n    at emitOne (events.js:116:13)\n    at Socket.emit (events.js:211:7)\n    at emitErrorNT (internal/streams/destroy.js:66:8)\n    at _combinedTickCallback (internal/process/next_tick.js:139:11)\n    at process._tickCallback (internal/process/next_tick.js:181:9)"}
{"message":"Connected to mongodb://localhost/educloud","level":"info"}
{"message":"Connected to mongodb://localhost/educloud","level":"info"}
{"name":"MongoNetworkError","level":"error","message":"failed to connect to server [localhost:27017] on first connect [MongoNetworkError: connect ECONNREFUSED 127.0.0.1:27017]failed to connect to server [localhost:27017] on first connect [MongoNetworkError: connect ECONNREFUSED 127.0.0.1:27017]","stack":"MongoNetworkError: failed to connect to server [localhost:27017] on first connect [MongoNetworkError: connect ECONNREFUSED 127.0.0.1:27017]\n    at Pool.<anonymous> (E:\\Set Up\\cmder\\educloud\\node_modules\\mongodb\\lib\\core\\topologies\\server.js:433:11)\n    at emitOne (events.js:116:13)\n    at Pool.emit (events.js:211:7)\n    at createConnection (E:\\Set Up\\cmder\\educloud\\node_modules\\mongodb\\lib\\core\\connection\\pool.js:577:14)\n    at connect (E:\\Set Up\\cmder\\educloud\\node_modules\\mongodb\\lib\\core\\connection\\pool.js:1007:11)\n    at makeConnection (E:\\Set Up\\cmder\\educloud\\node_modules\\mongodb\\lib\\core\\connection\\connect.js:31:7)\n    at callback (E:\\Set Up\\cmder\\educloud\\node_modules\\mongodb\\lib\\core\\connection\\connect.js:247:5)\n    at Socket.err (E:\\Set Up\\cmder\\educloud\\node_modules\\mongodb\\lib\\core\\connection\\connect.js:276:7)\n    at Object.onceWrapper (events.js:315:30)\n    at emitOne (events.js:116:13)\n    at Socket.emit (events.js:211:7)\n    at emitErrorNT (internal/streams/destroy.js:66:8)\n    at _combinedTickCallback (internal/process/next_tick.js:139:11)\n    at process._tickCallback (internal/process/next_tick.js:181:9)"}
{"message":"Connected to mongodb://localhost/educloud","level":"info"}
{"message":"Connected to mongodb://localhost/educloud","level":"info"}
{"message":"Connected to mongodb://localhost/educloud","level":"info"}
{"message":"Connected to mongodb://localhost/educloud","level":"info"}
{"message":"Connected to mongodb://localhost/educloud","level":"info"}
{"errors":{"message":{"message":"Path `message` is required.","name":"ValidatorError","properties":{"message":"Path `message` is required.","type":"required","path":"message","value":""},"kind":"required","path":"message","value":""}},"_message":"chats validation failed","message":"chats validation failed: message: Path `message` is required.chats validation failed: message: Path `message` is required.","name":"ValidationError","level":"error","stack":"ValidationError: chats validation failed: message: Path `message` is required.\n    at new ValidationError (E:\\Set Up\\cmder\\educloud\\node_modules\\mongoose\\lib\\error\\validation.js:31:11)\n    at model.Document.invalidate (E:\\Set Up\\cmder\\educloud\\node_modules\\mongoose\\lib\\document.js:2481:32)\n    at p.doValidate.skipSchemaValidators (E:\\Set Up\\cmder\\educloud\\node_modules\\mongoose\\lib\\document.js:2330:17)\n    at E:\\Set Up\\cmder\\educloud\\node_modules\\mongoose\\lib\\schematype.js:1064:9\n    at _combinedTickCallback (internal/process/next_tick.js:132:7)\n    at process._tickCallback (internal/process/next_tick.js:181:9)"}
{"errors":{"message":{"message":"Path `message` is required.","name":"ValidatorError","properties":{"message":"Path `message` is required.","type":"required","path":"message","value":""},"kind":"required","path":"message","value":""}},"_message":"chats validation failed","message":"chats validation failed: message: Path `message` is required.chats validation failed: message: Path `message` is required.","name":"ValidationError","level":"error","stack":"ValidationError: chats validation failed: message: Path `message` is required.\n    at new ValidationError (E:\\Set Up\\cmder\\educloud\\node_modules\\mongoose\\lib\\error\\validation.js:31:11)\n    at model.Document.invalidate (E:\\Set Up\\cmder\\educloud\\node_modules\\mongoose\\lib\\document.js:2481:32)\n    at p.doValidate.skipSchemaValidators (E:\\Set Up\\cmder\\educloud\\node_modules\\mongoose\\lib\\document.js:2330:17)\n    at E:\\Set Up\\cmder\\educloud\\node_modules\\mongoose\\lib\\schematype.js:1064:9\n    at _combinedTickCallback (internal/process/next_tick.js:132:7)\n    at process._tickCallback (internal/process/next_tick.js:181:9)"}
{"errors":{"message":{"message":"Path `message` is required.","name":"ValidatorError","properties":{"message":"Path `message` is required.","type":"required","path":"message","value":""},"kind":"required","path":"message","value":""}},"_message":"chats validation failed","message":"chats validation failed: message: Path `message` is required.chats validation failed: message: Path `message` is required.","name":"ValidationError","level":"error","stack":"ValidationError: chats validation failed: message: Path `message` is required.\n    at new ValidationError (E:\\Set Up\\cmder\\educloud\\node_modules\\mongoose\\lib\\error\\validation.js:31:11)\n    at model.Document.invalidate (E:\\Set Up\\cmder\\educloud\\node_modules\\mongoose\\lib\\document.js:2481:32)\n    at p.doValidate.skipSchemaValidators (E:\\Set Up\\cmder\\educloud\\node_modules\\mongoose\\lib\\document.js:2330:17)\n    at E:\\Set Up\\cmder\\educloud\\node_modules\\mongoose\\lib\\schematype.js:1064:9\n    at _combinedTickCallback (internal/process/next_tick.js:132:7)\n    at process._tickCallback (internal/process/next_tick.js:181:9)"}
{"errors":{"message":{"message":"Path `message` is required.","name":"ValidatorError","properties":{"message":"Path `message` is required.","type":"required","path":"message","value":""},"kind":"required","path":"message","value":""}},"_message":"chats validation failed","message":"chats validation failed: message: Path `message` is required.chats validation failed: message: Path `message` is required.","name":"ValidationError","level":"error","stack":"ValidationError: chats validation failed: message: Path `message` is required.\n    at new ValidationError (E:\\Set Up\\cmder\\educloud\\node_modules\\mongoose\\lib\\error\\validation.js:31:11)\n    at model.Document.invalidate (E:\\Set Up\\cmder\\educloud\\node_modules\\mongoose\\lib\\document.js:2481:32)\n    at p.doValidate.skipSchemaValidators (E:\\Set Up\\cmder\\educloud\\node_modules\\mongoose\\lib\\document.js:2330:17)\n    at E:\\Set Up\\cmder\\educloud\\node_modules\\mongoose\\lib\\schematype.js:1064:9\n    at _combinedTickCallback (internal/process/next_tick.js:132:7)\n    at process._tickCallback (internal/process/next_tick.js:181:9)"}
{"message":"Connected to mongodb://localhost/educloud","level":"info"}
{"message":"Connected to mongodb://localhost/educloud","level":"info"}
{"message":"Connected to mongodb://localhost/educloud","level":"info"}
{"stringValue":"\"null\"","kind":"ObjectId","value":"null","path":"_id","reason":{},"message":"Cast to ObjectId failed for value \"null\" at path \"_id\" for model \"payment_details\"Cast to ObjectId failed for value \"null\" at path \"_id\" for model \"payment_details\"","name":"CastError","level":"error","stack":"CastError: Cast to ObjectId failed for value \"null\" at path \"_id\" for model \"payment_details\"\n    at new CastError (E:\\Set Up\\cmder\\educloud\\node_modules\\mongoose\\lib\\error\\cast.js:39:11)\n    at ObjectId.cast (E:\\Set Up\\cmder\\educloud\\node_modules\\mongoose\\lib\\schema\\objectid.js:246:11)\n    at ObjectId.SchemaType.applySetters (E:\\Set Up\\cmder\\educloud\\node_modules\\mongoose\\lib\\schematype.js:975:12)\n    at ObjectId.SchemaType._castForQuery (E:\\Set Up\\cmder\\educloud\\node_modules\\mongoose\\lib\\schematype.js:1389:15)\n    at ObjectId.SchemaType.castForQuery (E:\\Set Up\\cmder\\educloud\\node_modules\\mongoose\\lib\\schematype.js:1379:15)\n    at ObjectId.SchemaType.castForQueryWrapper (E:\\Set Up\\cmder\\educloud\\node_modules\\mongoose\\lib\\schematype.js:1358:15)\n    at cast (E:\\Set Up\\cmder\\educloud\\node_modules\\mongoose\\lib\\cast.js:315:32)\n    at model.Query.Query.cast (E:\\Set Up\\cmder\\educloud\\node_modules\\mongoose\\lib\\query.js:4683:12)\n    at model.Query.Query._castConditions (E:\\Set Up\\cmder\\educloud\\node_modules\\mongoose\\lib\\query.js:1861:10)\n    at model.Query.<anonymous> (E:\\Set Up\\cmder\\educloud\\node_modules\\mongoose\\lib\\query.js:2116:8)\n    at model.Query._wrappedThunk [as _findOne] (E:\\Set Up\\cmder\\educloud\\node_modules\\mongoose\\lib\\helpers\\query\\wrapThunk.js:16:8)\n    at process.nextTick (E:\\Set Up\\cmder\\educloud\\node_modules\\kareem\\index.js:369:33)\n    at _combinedTickCallback (internal/process/next_tick.js:132:7)\n    at process._tickCallback (internal/process/next_tick.js:181:9)"}
{"stringValue":"\"null\"","kind":"ObjectId","value":"null","path":"_id","reason":{},"message":"Cast to ObjectId failed for value \"null\" at path \"_id\" for model \"payment_details\"Cast to ObjectId failed for value \"null\" at path \"_id\" for model \"payment_details\"","name":"CastError","level":"error","stack":"CastError: Cast to ObjectId failed for value \"null\" at path \"_id\" for model \"payment_details\"\n    at new CastError (E:\\Set Up\\cmder\\educloud\\node_modules\\mongoose\\lib\\error\\cast.js:39:11)\n    at ObjectId.cast (E:\\Set Up\\cmder\\educloud\\node_modules\\mongoose\\lib\\schema\\objectid.js:246:11)\n    at ObjectId.SchemaType.applySetters (E:\\Set Up\\cmder\\educloud\\node_modules\\mongoose\\lib\\schematype.js:975:12)\n    at ObjectId.SchemaType._castForQuery (E:\\Set Up\\cmder\\educloud\\node_modules\\mongoose\\lib\\schematype.js:1389:15)\n    at ObjectId.SchemaType.castForQuery (E:\\Set Up\\cmder\\educloud\\node_modules\\mongoose\\lib\\schematype.js:1379:15)\n    at ObjectId.SchemaType.castForQueryWrapper (E:\\Set Up\\cmder\\educloud\\node_modules\\mongoose\\lib\\schematype.js:1358:15)\n    at cast (E:\\Set Up\\cmder\\educloud\\node_modules\\mongoose\\lib\\cast.js:315:32)\n    at model.Query.Query.cast (E:\\Set Up\\cmder\\educloud\\node_modules\\mongoose\\lib\\query.js:4683:12)\n    at model.Query.Query._castConditions (E:\\Set Up\\cmder\\educloud\\node_modules\\mongoose\\lib\\query.js:1861:10)\n    at model.Query.<anonymous> (E:\\Set Up\\cmder\\educloud\\node_modules\\mongoose\\lib\\query.js:2116:8)\n    at model.Query._wrappedThunk [as _findOne] (E:\\Set Up\\cmder\\educloud\\node_modules\\mongoose\\lib\\helpers\\query\\wrapThunk.js:16:8)\n    at process.nextTick (E:\\Set Up\\cmder\\educloud\\node_modules\\kareem\\index.js:369:33)\n    at _combinedTickCallback (internal/process/next_tick.js:132:7)\n    at process._tickCallback (internal/process/next_tick.js:181:9)"}
{"message":"Connected to mongodb://localhost/educloud","level":"info"}
{"message":"Connected to mongodb://localhost/educloud","level":"info"}
{"message":"Connected to mongodb://localhost/educloud","level":"info"}
{"message":"Connected to mongodb://localhost/educloud","level":"info"}
{"message":"Connected to mongodb://localhost/educloud","level":"info"}
{"message":"Connected to mongodb://localhost/educloud","level":"info"}
{"message":"Connected to mongodb://localhost/educloud","level":"info"}
{"message":"Connected to mongodb://localhost/educloud","level":"info"}
{"message":"Connected to mongodb://localhost/educloud","level":"info"}
{"message":"Connected to mongodb://localhost/educloud","level":"info"}
{"message":"Connected to mongodb://localhost/educloud","level":"info"}
{"message":"Connected to mongodb://localhost/educloud","level":"info"}
{"message":"Connected to mongodb://localhost/educloud","level":"info"}
{"message":"Connected to mongodb://localhost/educloud","level":"info"}
{"message":"Connected to mongodb://localhost/educloud","level":"info"}
{"message":"Connected to mongodb://localhost/educloud","level":"info"}
{"message":"Connected to mongodb://localhost/educloud","level":"info"}
{"message":"Connected to mongodb://localhost/educloud","level":"info"}
{"message":"Connected to mongodb://localhost/educloud","level":"info"}
{"message":"Connected to mongodb://localhost/educloud","level":"info"}
{"message":"Connected to mongodb://localhost/educloud","level":"info"}
{"message":"Connected to mongodb://localhost/educloud","level":"info"}
{"message":"Connected to mongodb://localhost/educloud","level":"info"}
{"message":"Connected to mongodb://localhost/educloud","level":"info"}
{"message":"Connected to mongodb://localhost/educloud","level":"info"}
{"name":"MongoError","level":"error","message":"pool destroyedpool destroyed","stack":"MongoError: pool destroyed\n    at Pool.write (E:\\Set Up\\cmder\\educloud\\node_modules\\mongodb\\lib\\core\\connection\\pool.js:853:8)\n    at _command (E:\\Set Up\\cmder\\educloud\\node_modules\\mongodb\\lib\\core\\wireprotocol\\command.js:127:10)\n    at command (E:\\Set Up\\cmder\\educloud\\node_modules\\mongodb\\lib\\core\\wireprotocol\\command.js:27:5)\n    at Object.query (E:\\Set Up\\cmder\\educloud\\node_modules\\mongodb\\lib\\core\\wireprotocol\\query.js:57:3)\n    at Server.query (E:\\Set Up\\cmder\\educloud\\node_modules\\mongodb\\lib\\core\\topologies\\server.js:639:16)\n    at FindOperation.execute (E:\\Set Up\\cmder\\educloud\\node_modules\\mongodb\\lib\\operations\\find.js:24:12)\n    at topology.selectServer (E:\\Set Up\\cmder\\educloud\\node_modules\\mongodb\\lib\\operations\\execute_operation.js:164:17)\n    at Server.selectServer (E:\\Set Up\\cmder\\educloud\\node_modules\\mongodb\\lib\\core\\topologies\\server.js:827:3)\n    at Server.selectServer (E:\\Set Up\\cmder\\educloud\\node_modules\\mongodb\\lib\\topologies\\topology_base.js:363:32)\n    at executeWithServerSelection (E:\\Set Up\\cmder\\educloud\\node_modules\\mongodb\\lib\\operations\\execute_operation.js:150:12)\n    at executeOperation (E:\\Set Up\\cmder\\educloud\\node_modules\\mongodb\\lib\\operations\\execute_operation.js:81:16)\n    at Cursor._initializeCursor (E:\\Set Up\\cmder\\educloud\\node_modules\\mongodb\\lib\\core\\cursor.js:545:7)\n    at Cursor._initializeCursor (E:\\Set Up\\cmder\\educloud\\node_modules\\mongodb\\lib\\cursor.js:191:11)\n    at nextFunction (E:\\Set Up\\cmder\\educloud\\node_modules\\mongodb\\lib\\core\\cursor.js:748:10)\n    at Cursor._next (E:\\Set Up\\cmder\\educloud\\node_modules\\mongodb\\lib\\core\\cursor.js:202:5)\n    at fetchDocs (E:\\Set Up\\cmder\\educloud\\node_modules\\mongodb\\lib\\operations\\to_array.js:27:14)\n    at ToArrayOperation.execute (E:\\Set Up\\cmder\\educloud\\node_modules\\mongodb\\lib\\operations\\to_array.js:60:5)\n    at executeOperation (E:\\Set Up\\cmder\\educloud\\node_modules\\mongodb\\lib\\operations\\execute_operation.js:83:26)\n    at Cursor.toArray (E:\\Set Up\\cmder\\educloud\\node_modules\\mongodb\\lib\\cursor.js:789:12)\n    at E:\\Set Up\\cmder\\educloud\\node_modules\\mquery\\lib\\collection\\node.js:30:14\n    at Collection.<anonymous> (E:\\Set Up\\cmder\\educloud\\node_modules\\mongodb\\lib\\collection.js:476:7)\n    at Collection.deprecated [as find] (E:\\Set Up\\cmder\\educloud\\node_modules\\mongodb\\lib\\utils.js:639:15)"}
